<?xml version="1.0" encoding="UTF-8"?>
<!-- Generated by org.testng.reporters.JUnitReportReporter -->
<testsuite hostname="Dell-G3" failures="0" tests="1" name="hello.HelloWorld" time="0.019" errors="0" timestamp="2024-08-27T21:25:07 IST" skipped="0">
  <testcase classname="hello.HelloWorld" name="helloTest" time="0.019"/>
</testsuite> <!-- hello.HelloWorld -->
